2018-01-26T09:08:24+00:00 CRITICAL Class 'wp_bootstrap_navwalker' not found

2018-01-26T09:08:25+00:00 CRITICAL Class 'wp_bootstrap_navwalker' not found

2018-01-26T09:08:26+00:00 CRITICAL Class 'wp_bootstrap_navwalker' not found

2018-01-26T09:08:26+00:00 CRITICAL Class 'wp_bootstrap_navwalker' not found

2018-01-26T09:08:27+00:00 CRITICAL Class 'wp_bootstrap_navwalker' not found

2018-01-26T09:08:27+00:00 CRITICAL Class 'wp_bootstrap_navwalker' not found

2018-01-31T10:48:31+00:00 CRITICAL Call to undefined function wp_nav_menus()

2018-01-31T10:48:32+00:00 CRITICAL Call to undefined function wp_nav_menus()

2018-01-31T10:48:32+00:00 CRITICAL Call to undefined function wp_nav_menus()

2018-01-31T10:48:32+00:00 CRITICAL Call to undefined function wp_nav_menus()

2018-01-31T10:48:33+00:00 CRITICAL Call to undefined function wp_nav_menus()

2018-01-31T10:48:33+00:00 CRITICAL Call to undefined function wp_nav_menus()

2018-01-31T10:48:34+00:00 CRITICAL Call to undefined function wp_nav_menus()

2018-01-31T10:14:23+00:00 CRITICAL Call to undefined function ceramicplus_pagination()

2018-02-04T08:15:44+00:00 CRITICAL Call to undefined function wc_get_loop_prop()

2018-02-04T08:19:44+00:00 CRITICAL Call to undefined function wc_get_loop_prop()

2018-02-04T08:19:48+00:00 CRITICAL Call to undefined function wc_get_loop_prop()

2018-02-04T08:19:59+00:00 CRITICAL Call to undefined function wc_get_loop_prop()

2018-02-04T08:22:03+00:00 CRITICAL Call to undefined function woocommerce_get_loop_prop()

2018-02-06T06:42:58+00:00 CRITICAL Call to undefined function wc_get_loop_prop()

2018-02-06T06:43:19+00:00 CRITICAL Call to undefined function get_loop_prop()

2018-02-07T06:11:50+00:00 CRITICAL Call to undefined method WooCommerce::nonce_field()

2018-02-07T06:17:06+00:00 CRITICAL Call to undefined method WooCommerce::nonce_field()

2018-02-07T06:20:34+00:00 CRITICAL Call to undefined method WooCommerce::nonce_field()

2018-02-07T06:21:12+00:00 CRITICAL Call to undefined method WooCommerce::nonce_field()

2018-02-07T06:21:20+00:00 CRITICAL Call to undefined method WooCommerce::nonce_field()

2018-02-07T06:21:33+00:00 CRITICAL Call to undefined method WooCommerce::nonce_field()

2018-02-07T06:22:09+00:00 CRITICAL Call to undefined method WooCommerce::nonce_field()

2018-02-07T06:45:05+00:00 CRITICAL Call to undefined method WooCommerce::nonce_field()

2018-02-07T06:58:13+00:00 CRITICAL Call to undefined method WooCommerce::nonce_field()

2018-02-07T06:33:54+00:00 CRITICAL Call to undefined method WooCommerce::show_messages()

2018-02-07T06:34:47+00:00 CRITICAL Call to undefined method WooCommerce::show_messages()

2018-02-07T06:36:18+00:00 CRITICAL Call to undefined method WooCommerce::nonce_field()

2018-02-07T06:36:51+00:00 CRITICAL Call to undefined method WooCommerce::nonce_field()

2018-02-07T06:37:53+00:00 CRITICAL Call to undefined method WooCommerce::nonce_field()

2018-02-07T06:19:27+00:00 CRITICAL Call to undefined method WooCommerce::nonce_field()

2018-02-07T06:15:11+00:00 CRITICAL Call to undefined method WooCommerce::nonce_field()

2018-02-07T06:19:23+00:00 CRITICAL Call to undefined function shouse_kego_pagination()

2018-02-07T06:19:56+00:00 CRITICAL Call to undefined function wooshoplite_pagination()

2018-02-07T06:22:51+00:00 CRITICAL Call to undefined function shouse_kego_pagination()

2018-02-07T06:24:25+00:00 CRITICAL Call to undefined function wooshoplite_pagination()

2018-02-07T06:28:41+00:00 CRITICAL Call to undefined function wooshoplite_pagination()

2018-02-07T06:32:22+00:00 CRITICAL Call to undefined function wooshoplite_pagination()

2018-02-07T06:34:48+00:00 CRITICAL Call to undefined function ceramicplus_pagination()

2018-02-07T06:37:42+00:00 CRITICAL Call to a member function is_visible() on null

2018-02-08T15:51:15+00:00 CRITICAL Call to undefined function get_index()

2018-02-08T16:11:56+00:00 CRITICAL Call to a member function is_on_sale() on null

2018-02-08T16:13:46+00:00 CRITICAL Call to a member function is_on_sale() on null

